<?xml version="1.0" encoding="UTF-8"?>
<!-- Generated by org.testng.reporters.JUnitXMLReporter -->
<testsuite ignored="9" hostname="DESKTOP-ETOF1DN" failures="0" tests="1" name="Test" time="9.928" errors="0" timestamp="2022-06-04T15:03:14 EEST">
  <testcase classname="selenium.MavenAutomationProject.Configurations" name="@AfterMethod tessTearDown" time="0.148">
    <failure type="org.openqa.selenium.WebDriverException" message="Failed to decode response from marionette
Build info: version: &amp;apos;4.1.4&amp;apos;, revision: &amp;apos;535d840ee2&amp;apos;
System info: host: &amp;apos;DESKTOP-ETOF1DN&amp;apos;, ip: &amp;apos;172.16.50.42&amp;apos;, os.name: &amp;apos;Windows 10&amp;apos;, os.arch: &amp;apos;amd64&amp;apos;, os.version: &amp;apos;10.0&amp;apos;, java.version: &amp;apos;17.0.2&amp;apos;
Driver info: org.openqa.selenium.firefox.FirefoxDriver
Command: [2601fb74-ff70-4984-bf0a-aff648fb4989, deleteAllCookies {}]
Capabilities {acceptInsecureCerts: true, browserName: firefox, browserVersion: 100.0, javascriptEnabled: true, moz:accessibilityChecks: false, moz:buildID: 20220428192727, moz:debuggerAddress: localhost:56271, moz:geckodriverVersion: 0.31.0, moz:headless: false, moz:processID: 15204, moz:profile: C:\Users\LAB-3C~1\AppData\L..., moz:shutdownTimeout: 60000, moz:useNonSpecCompliantPointerOrigin: false, moz:webdriverClick: true, pageLoadStrategy: normal, platform: WINDOWS, platformName: WINDOWS, platformVersion: 10.0, proxy: Proxy(), se:cdp: ws://localhost:56271/devtoo..., se:cdpVersion: 85.0, setWindowRect: true, strictFileInteractability: false, timeouts: {implicit: 0, pageLoad: 300000, script: 30000}, unhandledPromptBehavior: dismiss and notify}
Session ID: 2601fb74-ff70-4984-bf0a-aff648fb4989">
      <![CDATA[org.openqa.selenium.WebDriverException: Failed to decode response from marionette
Build info: version: '4.1.4', revision: '535d840ee2'
System info: host: 'DESKTOP-ETOF1DN', ip: '172.16.50.42', os.name: 'Windows 10', os.arch: 'amd64', os.version: '10.0', java.version: '17.0.2'
Driver info: org.openqa.selenium.firefox.FirefoxDriver
Command: [2601fb74-ff70-4984-bf0a-aff648fb4989, deleteAllCookies {}]
Capabilities {acceptInsecureCerts: true, browserName: firefox, browserVersion: 100.0, javascriptEnabled: true, moz:accessibilityChecks: false, moz:buildID: 20220428192727, moz:debuggerAddress: localhost:56271, moz:geckodriverVersion: 0.31.0, moz:headless: false, moz:processID: 15204, moz:profile: C:\Users\LAB-3C~1\AppData\L..., moz:shutdownTimeout: 60000, moz:useNonSpecCompliantPointerOrigin: false, moz:webdriverClick: true, pageLoadStrategy: normal, platform: WINDOWS, platformName: WINDOWS, platformVersion: 10.0, proxy: Proxy(), se:cdp: ws://localhost:56271/devtoo..., se:cdpVersion: 85.0, setWindowRect: true, strictFileInteractability: false, timeouts: {implicit: 0, pageLoad: 300000, script: 30000}, unhandledPromptBehavior: dismiss and notify}
Session ID: 2601fb74-ff70-4984-bf0a-aff648fb4989
at org.openqa.selenium.remote.codec.w3c.W3CHttpResponseCodec.createException(W3CHttpResponseCodec.java:200)
at org.openqa.selenium.remote.codec.w3c.W3CHttpResponseCodec.decode(W3CHttpResponseCodec.java:133)
at org.openqa.selenium.remote.codec.w3c.W3CHttpResponseCodec.decode(W3CHttpResponseCodec.java:53)
at org.openqa.selenium.remote.HttpCommandExecutor.execute(HttpCommandExecutor.java:184)
at org.openqa.selenium.remote.service.DriverCommandExecutor.invokeExecute(DriverCommandExecutor.java:167)
at org.openqa.selenium.remote.service.DriverCommandExecutor.execute(DriverCommandExecutor.java:142)
at org.openqa.selenium.remote.RemoteWebDriver.execute(RemoteWebDriver.java:567)
at org.openqa.selenium.remote.RemoteWebDriver.execute(RemoteWebDriver.java:622)
at org.openqa.selenium.remote.RemoteWebDriver.execute(RemoteWebDriver.java:626)
at org.openqa.selenium.remote.RemoteWebDriver$RemoteWebDriverOptions.deleteAllCookies(RemoteWebDriver.java:787)
at selenium.MavenAutomationProject.Configurations.tessTearDown(Configurations.java:26)
at java.base/java.util.ArrayList.forEach(ArrayList.java:1511)
... Removed 37 stack frames]]>
    </failure>
  </testcase> <!-- @AfterMethod tessTearDown -->
  <testcase classname="selenium.MavenAutomationProject.FirstMavenTest" name="propertiesDataTest" time="5.214"/>
  <testcase classname="selenium.MavenAutomationProject.FirstMavenTest" name="windowHandlesExample" time="0.0">
    <ignored/>
  </testcase> <!-- windowHandlesExample -->
  <testcase classname="selenium.MavenAutomationProject.FirstMavenTest" name="radioButtonTest" time="0.0">
    <ignored/>
  </testcase> <!-- radioButtonTest -->
  <testcase classname="selenium.MavenAutomationProject.FirstMavenTest" name="waitTest" time="0.0">
    <ignored/>
  </testcase> <!-- waitTest -->
  <testcase classname="selenium.MavenAutomationProject.FirstMavenTest" name="iframeExample" time="0.0">
    <ignored/>
  </testcase> <!-- iframeExample -->
  <testcase classname="selenium.MavenAutomationProject.FirstMavenTest" name="dropDownTest" time="0.0">
    <ignored/>
  </testcase> <!-- dropDownTest -->
  <testcase classname="selenium.MavenAutomationProject.FirstMavenTest" name="firstTest" time="0.0">
    <ignored/>
  </testcase> <!-- firstTest -->
  <testcase classname="selenium.MavenAutomationProject.FirstMavenTest" name="alertExampleWithAssertion" time="0.0">
    <ignored/>
  </testcase> <!-- alertExampleWithAssertion -->
  <testcase classname="selenium.MavenAutomationProject.FirstMavenTest" name="switchTabTest" time="0.0">
    <ignored/>
  </testcase> <!-- switchTabTest -->
  <testcase classname="selenium.MavenAutomationProject.FirstMavenTest" name="webTableTest" time="0.0">
    <ignored/>
  </testcase> <!-- webTableTest -->
</testsuite> <!-- Test -->
