<?xml version="1.0" encoding="UTF-8"?>
<!-- Generated by org.testng.reporters.JUnitXMLReporter -->
<testsuite hostname="DESKTOP-ETOF1DN" ignored="9" name="Test" tests="1" failures="1" timestamp="2022-06-04T13:25:50 EEST" time="0.096" errors="0">
  <testcase name="propertiesDataTest" time="0.058" classname="selenium.MavenAutomationProject.FirstMavenTest">
    <failure type="java.lang.IllegalStateException" message="The driver executable must exist: C:\Users\LAB-3C-PC-5\eclipse-workspace\MavenAutomationProjectsrc\main\java\resources\geckodriver.exe">
      <![CDATA[java.lang.IllegalStateException: The driver executable must exist: C:\Users\LAB-3C-PC-5\eclipse-workspace\MavenAutomationProjectsrc\main\java\resources\geckodriver.exe
at org.openqa.selenium.internal.Require$FileStateChecker.isFile(Require.java:342)
at org.openqa.selenium.remote.service.DriverService.checkExecutable(DriverService.java:147)
at org.openqa.selenium.remote.service.DriverService.findExecutable(DriverService.java:142)
at org.openqa.selenium.firefox.GeckoDriverService.access$100(GeckoDriverService.java:45)
at org.openqa.selenium.firefox.GeckoDriverService$Builder.findDefaultExecutable(GeckoDriverService.java:181)
at org.openqa.selenium.remote.service.DriverService$Builder.build(DriverService.java:437)
at org.openqa.selenium.firefox.GeckoDriverService.createDefaultService(GeckoDriverService.java:94)
at org.openqa.selenium.firefox.FirefoxDriver.<init>(FirefoxDriver.java:106)
at org.openqa.selenium.firefox.FirefoxDriver.<init>(FirefoxDriver.java:86)
at selenium.MavenAutomationProject.FirstMavenTest.propertiesDataTest(FirstMavenTest.java:382)
at java.util.ArrayList.forEach(ArrayList.java:1259)
... Removed 31 stack frames]]>
    </failure>
  </testcase> <!-- propertiesDataTest -->
  <testcase name="alertExampleWithAssertion" time="0.0" classname="selenium.MavenAutomationProject.FirstMavenTest">
    <ignored/>
  </testcase> <!-- alertExampleWithAssertion -->
  <testcase name="windowHandlesExample" time="0.0" classname="selenium.MavenAutomationProject.FirstMavenTest">
    <ignored/>
  </testcase> <!-- windowHandlesExample -->
  <testcase name="waitTest" time="0.0" classname="selenium.MavenAutomationProject.FirstMavenTest">
    <ignored/>
  </testcase> <!-- waitTest -->
  <testcase name="iframeExample" time="0.0" classname="selenium.MavenAutomationProject.FirstMavenTest">
    <ignored/>
  </testcase> <!-- iframeExample -->
  <testcase name="switchTabTest" time="0.0" classname="selenium.MavenAutomationProject.FirstMavenTest">
    <ignored/>
  </testcase> <!-- switchTabTest -->
  <testcase name="firstTest" time="0.0" classname="selenium.MavenAutomationProject.FirstMavenTest">
    <ignored/>
  </testcase> <!-- firstTest -->
  <testcase name="webTableTest" time="0.0" classname="selenium.MavenAutomationProject.FirstMavenTest">
    <ignored/>
  </testcase> <!-- webTableTest -->
  <testcase name="dropDownTest" time="0.0" classname="selenium.MavenAutomationProject.FirstMavenTest">
    <ignored/>
  </testcase> <!-- dropDownTest -->
  <testcase name="radioButtonTest" time="0.0" classname="selenium.MavenAutomationProject.FirstMavenTest">
    <ignored/>
  </testcase> <!-- radioButtonTest -->
</testsuite> <!-- Test -->
